{"logTime": "1216/150018", "correlationVector":"ojPUavzLTpY2sqSNm7xEAe.0","action":"FeedSettingFetch_homeCloud", "result":"0", "context":{}}
{"logTime": "1216/150018", "correlationVector":"mj1lQ3Gk7/HOS/TaK0w0+1.1","action":"SyncServerConnectionManagerRequest", "result":"SYNC_SERVER_OK", "context":{"environment":"Prod_WestEurope_000l", "migrationStage":"NotStarted", "server":"GENERAL01000000"}}
{"logTime": "1216/150018", "correlationVector":"mj1lQ3Gk7/HOS/TaK0w0+1","action":"Initial GetUpdates", "result":"", "context":Reason: NEW_CLIENT. cV=mj1lQ3Gk7/HOS/TaK0w0+1}
{"logTime": "1216/150018", "correlationVector":"mj1lQ3Gk7/HOS/TaK0w0+1.2","action":"GetUpdates Response", "result":"SYNCER_OK", "context":Received 1 update(s). cV=mj1lQ3Gk7/HOS/TaK0w0+1.0;server=GENERAL01000000;cloudType=Consumer;environment=Prod_WestEurope_000l;migrationStage=NotStarted}
{"logTime": "1216/150018", "correlationVector":"4AuEs8AP2a4nDWKaDjqaPA","action":"SyncServerConnectionManagerRequest", "result":"SYNC_SERVER_OK", "context":{"environment":"", "migrationStage":"", "server":""}}
{"logTime": "1216/150018", "correlationVector":"QmYDs1skuO8FcIj4xz71Xf","action":"Initial GetUpdates", "result":"", "context":Reason: NEW_CLIENT. cV=QmYDs1skuO8FcIj4xz71Xf}
{"logTime": "1216/150018", "correlationVector":"QmYDs1skuO8FcIj4xz71Xf.1","action":"SyncServerConnectionManagerRequest", "result":"SYNC_SERVER_OK", "context":{"environment":"Prod_WestEurope_000l", "migrationStage":"NotStarted", "server":"GENERAL01000006"}}
{"logTime": "1216/150018", "correlationVector":"QmYDs1skuO8FcIj4xz71Xf.2","action":"GetUpdates Response", "result":"SYNCER_OK", "context":Received 31 update(s). cV=QmYDs1skuO8FcIj4xz71Xf.0;server=GENERAL01000006;cloudType=Consumer;environment=Prod_WestEurope_000l;migrationStage=NotStarted}
{"logTime": "1216/150018", "correlationVector":"ERz1nP5v8ZJ5umJlIlxIkt","action":"Initial GetUpdates", "result":"", "context":Reason: NEWLY_SUPPORTED_DATATYPE. cV=ERz1nP5v8ZJ5umJlIlxIkt}
{"logTime": "1216/150018", "correlationVector":"ERz1nP5v8ZJ5umJlIlxIkt.1","action":"SyncServerConnectionManagerRequest", "result":"SYNC_SERVER_OK", "context":{"environment":"Prod_WestEurope_000l", "migrationStage":"NotStarted", "server":"GENERAL0100000F"}}
{"logTime": "1216/150018", "correlationVector":"ERz1nP5v8ZJ5umJlIlxIkt.2","action":"GetUpdates Response", "result":"SYNCER_OK", "context":Received 5 update(s). cV=ERz1nP5v8ZJ5umJlIlxIkt.0;server=GENERAL0100000F;cloudType=Consumer;environment=Prod_WestEurope_000l;migrationStage=NotStarted}
{"logTime": "1216/150018", "correlationVector":"o8FN3yDB3onBNdbdxtocyH","action":"Initial GetUpdates", "result":"", "context":Reason: NEWLY_SUPPORTED_DATATYPE. cV=o8FN3yDB3onBNdbdxtocyH}
{"logTime": "1216/150018", "correlationVector":"o8FN3yDB3onBNdbdxtocyH.1","action":"SyncServerConnectionManagerRequest", "result":"SYNC_SERVER_OK", "context":{"environment":"Prod_WestEurope_000l", "migrationStage":"NotStarted", "server":"GENERAL01000015"}}
{"logTime": "1216/150018", "correlationVector":"o8FN3yDB3onBNdbdxtocyH.2","action":"GetUpdates Response", "result":"SYNCER_OK", "context":Received 2 update(s). cV=o8FN3yDB3onBNdbdxtocyH.0;server=GENERAL01000015;cloudType=Consumer;environment=Prod_WestEurope_000l;migrationStage=NotStarted}
{"logTime": "1216/150018", "correlationVector":"XFBpfVZLjkD8c+XGxQ/73R","action":"Normal GetUpdate request", "result":"", "context":cV=XFBpfVZLjkD8c+XGxQ/73R
Nudged types: Device Info, User Consents
Refresh requested types: Bookmarks, Preferences, Passwords, Autofill Profiles, Autofill, Autofill Custom Data, Extensions, Extension settings, Device Info, User Consents, Send Tab To Self, Web Apps, Collection, Edge E Drop, Edge Hub App Usage, Edge Wallet, Encryption Keys}
{"logTime": "1216/150018", "correlationVector":"XFBpfVZLjkD8c+XGxQ/73R.1","action":"SyncServerConnectionManagerRequest", "result":"SYNC_SERVER_OK", "context":{"environment":"Prod_WestEurope_000l", "migrationStage":"NotStarted", "server":"GENERAL01000011"}}
{"logTime": "1216/150018", "correlationVector":"XFBpfVZLjkD8c+XGxQ/73R.2","action":"GetUpdates Response", "result":"SYNCER_OK", "context":Received 0 update(s). cV=XFBpfVZLjkD8c+XGxQ/73R.0;server=GENERAL01000011;cloudType=Consumer;environment=Prod_WestEurope_000l;migrationStage=NotStarted}
{"logTime": "1216/150018", "correlationVector":"o9o5EQmIgwamlgdrW2xC9T","action":"Commit Request", "result":"", "context":Item count: 1
Contributing types: Device Info}
{"logTime": "1216/150018", "correlationVector":"o9o5EQmIgwamlgdrW2xC9T.1","action":"SyncServerConnectionManagerRequest", "result":"SYNC_SERVER_OK", "context":{"environment":"Prod_WestEurope_000l", "migrationStage":"NotStarted", "server":"GENERAL0100001C"}}
{"logTime": "1216/150018", "correlationVector":"o9o5EQmIgwamlgdrW2xC9T.2","action":"Commit Response", "result":"SYNCER_OK", "context":Result: SYNCER_OK. cV=o9o5EQmIgwamlgdrW2xC9T.0;server=GENERAL0100001C;cloudType=Consumer;environment=Prod_WestEurope_000l;migrationStage=NotStarted}
{"logTime": "1216/150018", "correlationVector":"D1eR75jJ5Lu7qMOJeInHPy","action":"Commit Request", "result":"", "context":Item count: 4
Contributing types: User Consents, Edge Hub App Usage}
{"logTime": "1216/150019", "correlationVector":"D1eR75jJ5Lu7qMOJeInHPy.1","action":"SyncServerConnectionManagerRequest", "result":"SYNC_SERVER_OK", "context":{"environment":"Prod_WestEurope_000l", "migrationStage":"NotStarted", "server":"GENERAL01000027"}}
{"logTime": "1216/150019", "correlationVector":"D1eR75jJ5Lu7qMOJeInHPy.2","action":"Commit Response", "result":"SYNCER_OK", "context":Result: SYNCER_OK. cV=D1eR75jJ5Lu7qMOJeInHPy.0;server=GENERAL01000027;cloudType=Consumer;environment=Prod_WestEurope_000l;migrationStage=NotStarted}
{"logTime": "1216/150019", "correlationVector":"f7SvIf/U1p/LwlWK9C72pu","action":"Normal GetUpdate request", "result":"", "context":cV=f7SvIf/U1p/LwlWK9C72pu
Nudged types: Device Info, Edge Hub App Usage}
{"logTime": "1216/150019", "correlationVector":"f7SvIf/U1p/LwlWK9C72pu.1","action":"SyncServerConnectionManagerRequest", "result":"SYNC_SERVER_OK", "context":{"environment":"Prod_WestEurope_000l", "migrationStage":"NotStarted", "server":"GENERAL01000017"}}
{"logTime": "1216/150019", "correlationVector":"f7SvIf/U1p/LwlWK9C72pu.2","action":"GetUpdates Response", "result":"SYNCER_OK", "context":Received 4 update(s). cV=f7SvIf/U1p/LwlWK9C72pu.0;server=GENERAL01000017;cloudType=Consumer;environment=Prod_WestEurope_000l;migrationStage=NotStarted}
{"logTime": "1216/151238", "correlationVector":"N4dcnxT+d44tS5UOmJYSAw.0","action":"FeedSettingFetch_homeCloud", "result":"0", "context":{}}
{"logTime": "1216/151238", "correlationVector":"DFl7Zy/6czMYksdrX3GfdK.1","action":"SyncServerConnectionManagerRequest", "result":"SYNC_SERVER_OK", "context":{"environment":"Prod_WestEurope_000l", "migrationStage":"NotStarted", "server":"GENERAL01000026"}}
{"logTime": "1216/151238", "correlationVector":"DFl7Zy/6czMYksdrX3GfdK","action":"Initial GetUpdates", "result":"", "context":Reason: NEW_CLIENT. cV=DFl7Zy/6czMYksdrX3GfdK}
{"logTime": "1216/151238", "correlationVector":"DFl7Zy/6czMYksdrX3GfdK.2","action":"GetUpdates Response", "result":"SYNCER_OK", "context":Received 1 update(s). cV=DFl7Zy/6czMYksdrX3GfdK.0;server=GENERAL01000026;cloudType=Consumer;environment=Prod_WestEurope_000l;migrationStage=NotStarted}
{"logTime": "1216/151238", "correlationVector":"73S7JLTQWmFZfArgOGR5Wn","action":"Initial GetUpdates", "result":"", "context":Reason: NEWLY_SUPPORTED_DATATYPE. cV=73S7JLTQWmFZfArgOGR5Wn}
{"logTime": "1216/151238", "correlationVector":"73S7JLTQWmFZfArgOGR5Wn.1","action":"SyncServerConnectionManagerRequest", "result":"SYNC_SERVER_OK", "context":{"environment":"Prod_WestEurope_000l", "migrationStage":"NotStarted", "server":"GENERAL01000013"}}
{"logTime": "1216/151238", "correlationVector":"73S7JLTQWmFZfArgOGR5Wn.2","action":"GetUpdates Response", "result":"SYNCER_OK", "context":Received 1 update(s). cV=73S7JLTQWmFZfArgOGR5Wn.0;server=GENERAL01000013;cloudType=Consumer;environment=Prod_WestEurope_000l;migrationStage=NotStarted}
{"logTime": "1216/151238", "correlationVector":"wBZfzRaz0vYYYpV4prLyTD","action":"Normal GetUpdate request", "result":"", "context":cV=wBZfzRaz0vYYYpV4prLyTD
Refresh requested types: Bookmarks, Preferences, Passwords, Autofill Profiles, Autofill, Autofill Custom Data, Extensions, Extension settings, Device Info, User Consents, Send Tab To Self, Web Apps, Collection, Edge E Drop, Edge Hub App Usage, Edge Wallet, Encryption Keys}
{"logTime": "1216/151238", "correlationVector":"wBZfzRaz0vYYYpV4prLyTD.1","action":"SyncServerConnectionManagerRequest", "result":"SYNC_SERVER_OK", "context":{"environment":"Prod_WestEurope_000l", "migrationStage":"NotStarted", "server":"GENERAL01000009"}}
{"logTime": "1216/151238", "correlationVector":"wBZfzRaz0vYYYpV4prLyTD.2","action":"GetUpdates Response", "result":"SYNCER_OK", "context":Received 0 update(s). cV=wBZfzRaz0vYYYpV4prLyTD.0;server=GENERAL01000009;cloudType=Consumer;environment=Prod_WestEurope_000l;migrationStage=NotStarted}
{"logTime": "1216/151239", "correlationVector":"38TWVY8Rc/V24km7V1lNUa","action":"SyncServerConnectionManagerRequest", "result":"SYNC_SERVER_OK", "context":{"environment":"", "migrationStage":"", "server":""}}
{"logTime": "1216/151239", "correlationVector":"6iZVPmNVofyqHsM3Z0CzMN","action":"Initial GetUpdates", "result":"", "context":Reason: RECONFIGURATION. cV=6iZVPmNVofyqHsM3Z0CzMN}
{"logTime": "1216/151239", "correlationVector":"6iZVPmNVofyqHsM3Z0CzMN.1","action":"SyncServerConnectionManagerRequest", "result":"SYNC_SERVER_OK", "context":{"environment":"Prod_WestEurope_000l", "migrationStage":"NotStarted", "server":"GENERAL0100000D"}}
{"logTime": "1216/151239", "correlationVector":"6iZVPmNVofyqHsM3Z0CzMN.2","action":"GetUpdates", "result":"DeleteReceived", "context":{"id":"9fd119ce-c72a-46ae-96b1-ac754070188a", "isDeleted:":"true", "version":"1702377036651"}}
{"logTime": "1216/151239", "correlationVector":"6iZVPmNVofyqHsM3Z0CzMN.3","action":"GetUpdates", "result":"DeleteReceived", "context":{"id":"d0a10612-0eb4-457b-a085-cf121ed6cbc2", "isDeleted:":"true", "version":"1702426302228"}}
{"logTime": "1216/151239", "correlationVector":"6iZVPmNVofyqHsM3Z0CzMN.4","action":"GetUpdates", "result":"DeleteReceived", "context":{"id":"f6cda10e-7052-45a0-b28d-c8d09aec2b4c", "isDeleted:":"true", "version":"1702594425128"}}
{"logTime": "1216/151239", "correlationVector":"6iZVPmNVofyqHsM3Z0CzMN.5","action":"GetUpdates", "result":"DeleteReceived", "context":{"id":"cc65135c-133e-4e13-9a5e-690f4ff86a88", "isDeleted:":"true", "version":"1702629002398"}}
{"logTime": "1216/151239", "correlationVector":"6iZVPmNVofyqHsM3Z0CzMN.6","action":"GetUpdates Response", "result":"SYNCER_OK", "context":Received 6 update(s). cV=6iZVPmNVofyqHsM3Z0CzMN.0;server=GENERAL0100000D;cloudType=Consumer;environment=Prod_WestEurope_000l;migrationStage=NotStarted}
{"logTime": "1216/151239", "correlationVector":"oPGHWMadofHtRxXNiSJI5N","action":"Normal GetUpdate request", "result":"", "context":cV=oPGHWMadofHtRxXNiSJI5N
Nudged types: Sessions, Device Info
Refresh requested types: Bookmarks, Preferences, Passwords, Autofill Profiles, Autofill, Autofill Custom Data, Typed URLs, Extensions, Sessions, Extension settings, History Delete Directives, Device Info, User Consents, Send Tab To Self, Web Apps, Collection, Edge E Drop, Edge Hub App Usage, Edge Wallet, Encryption Keys}
{"logTime": "1216/151239", "correlationVector":"oPGHWMadofHtRxXNiSJI5N.1","action":"SyncServerConnectionManagerRequest", "result":"SYNC_SERVER_OK", "context":{"environment":"Prod_WestEurope_000l", "migrationStage":"NotStarted", "server":"GENERAL01000006"}}
{"logTime": "1216/151239", "correlationVector":"oPGHWMadofHtRxXNiSJI5N.2","action":"GetUpdates Response", "result":"SYNCER_OK", "context":Received 0 update(s). cV=oPGHWMadofHtRxXNiSJI5N.0;server=GENERAL01000006;cloudType=Consumer;environment=Prod_WestEurope_000l;migrationStage=NotStarted}
{"logTime": "1216/151239", "correlationVector":"r1zDae/yeahZKO/ZZopHoV","action":"Commit Request", "result":"", "context":Item count: 1
Contributing types: Device Info}
{"logTime": "1216/151239", "correlationVector":"r1zDae/yeahZKO/ZZopHoV.1","action":"SyncServerConnectionManagerRequest", "result":"SYNC_SERVER_OK", "context":{"environment":"Prod_WestEurope_000l", "migrationStage":"NotStarted", "server":"GENERAL01000012"}}
{"logTime": "1216/151239", "correlationVector":"r1zDae/yeahZKO/ZZopHoV.2","action":"Commit Response", "result":"SYNCER_OK", "context":Result: SYNCER_OK. cV=r1zDae/yeahZKO/ZZopHoV.0;server=GENERAL01000012;cloudType=Consumer;environment=Prod_WestEurope_000l;migrationStage=NotStarted}
{"logTime": "1216/151239", "correlationVector":"cDR+94zAgWy2YVz1NgZr61","action":"Commit Request", "result":"", "context":Item count: 2
Contributing types: Sessions}
{"logTime": "1216/151240", "correlationVector":"cDR+94zAgWy2YVz1NgZr61.1","action":"SyncServerConnectionManagerRequest", "result":"SYNC_SERVER_OK", "context":{"environment":"Prod_WestEurope_000l", "migrationStage":"NotStarted", "server":"GENERAL01000004"}}
{"logTime": "1216/151240", "correlationVector":"cDR+94zAgWy2YVz1NgZr61.2","action":"Commit Response", "result":"SYNCER_OK", "context":Result: SYNCER_OK. cV=cDR+94zAgWy2YVz1NgZr61.0;server=GENERAL01000004;cloudType=Consumer;environment=Prod_WestEurope_000l;migrationStage=NotStarted}
